Importer Log Report
Project : mpiv2.PrjPCB

Section : Analyze Document - C:\Users\Arnaldo\Google Drive\Arquivos\eletronica\Eagle\Projetos\Mauá\MP-IV2\mpiv2.sch
    Analyzing data of C:\Users\Arnaldo\Google Drive\Arquivos\eletronica\Eagle\Projetos\Mauá\MP-IV2\mpiv2.sch
    Load settings
    Load layers 103
    Load schematic
    Load Libraries 9
    Load Library "linear"
    Load Packages 2
    Load Symbols 2
    Load DeviceSets 1
    Load Library "resistor"
    Load Packages 42
    Load Symbols 1
    Load DeviceSets 1
    Load Library "rcl"
    Load Packages 164
    Load Symbols 2
    Load DeviceSets 2
    Load Library "holes"
    Load Packages 10
    Load Symbols 1
    Load DeviceSets 1
    Load Library "pinhead"
    Load Packages 4
    Load Symbols 2
    Load DeviceSets 2
    Load Library "junior"
    Load Packages 13
    Load Symbols 3
    Load DeviceSets 3
    Load Library "frames"
    Load Packages 0
    Load Symbols 1
    Load DeviceSets 1
    Load Library "supply1"
    Load Packages 0
    Load Symbols 3
    Load DeviceSets 3
    Load Library "diode"
    Load Packages 1
    Load Symbols 1
    Load DeviceSets 1
    Load Attributes 0
    Load Classes 1
    Load Parts 75
    Load Sheets 1
EndSection
